     1 00000000                                 [FORMAT "WCOFF"]
     2 00000000                                 [INSTRSET "i486p"]
     3 00000000                                 [OPTIMIZE 1]
     4 00000000                                 [OPTION 1]
     5 00000000                                 [BITS 32]
     6 00000000                                 	EXTERN	_boxfill8
     7 00000000                                 	EXTERN	_putfonts8_asc
     8 00000000                                 	EXTERN	_closebtn.0
     9 00000000                                 [FILE "window.c"]
    10                                          [SECTION .data]
    11 00000000                                 _closebtn.0:
    12 00000000 4F 4F 4F 4F 4F 4F 4F 4F 4F 4F   	DB	"OOOOOOOOOOOOOOO@"
       0000000A 4F 4F 4F 4F 4F 40 
    13 00000010 4F 51 51 51 51 51 51 51 51 51   	DB	"OQQQQQQQQQQQQQ$@"
       0000001A 51 51 51 51 24 40 
    14 00000020 4F 51 51 51 51 51 51 51 51 51   	DB	"OQQQQQQQQQQQQQ$@"
       0000002A 51 51 51 51 24 40 
    15 00000030 4F 51 51 51 40 40 51 51 51 51   	DB	"OQQQ@@QQQQ@@QQ$@"
       0000003A 40 40 51 51 24 40 
    16 00000040 4F 51 51 51 51 40 40 51 51 40   	DB	"OQQQQ@@QQ@@QQQ$@"
       0000004A 40 51 51 51 24 40 
    17 00000050 4F 51 51 51 51 51 40 40 40 40   	DB	"OQQQQQ@@@@QQQQ$@"
       0000005A 51 51 51 51 24 40 
    18 00000060 4F 51 51 51 51 51 51 40 40 51   	DB	"OQQQQQQ@@QQQQQ$@"
       0000006A 51 51 51 51 24 40 
    19 00000070 4F 51 51 51 51 51 40 40 40 40   	DB	"OQQQQQ@@@@QQQQ$@"
       0000007A 51 51 51 51 24 40 
    20 00000080 4F 51 51 51 51 40 40 51 51 40   	DB	"OQQQQ@@QQ@@QQQ$@"
       0000008A 40 51 51 51 24 40 
    21 00000090 4F 51 51 51 40 40 51 51 51 51   	DB	"OQQQ@@QQQQ@@QQ$@"
       0000009A 40 40 51 51 24 40 
    22 000000A0 4F 51 51 51 51 51 51 51 51 51   	DB	"OQQQQQQQQQQQQQ$@"
       000000AA 51 51 51 51 24 40 
    23 000000B0 4F 51 51 51 51 51 51 51 51 51   	DB	"OQQQQQQQQQQQQQ$@"
       000000BA 51 51 51 51 24 40 
    24 000000C0 4F 24 24 24 24 24 24 24 24 24   	DB	"O$$$$$$$$$$$$$$@"
       000000CA 24 24 24 24 24 40 
    25 000000D0 40 40 40 40 40 40 40 40 40 40   	DB	"@@@@@@@@@@@@@@@@"
       000000DA 40 40 40 40 40 40 
    26                                          [SECTION .text]
    27 00000000                                 	GLOBAL	_make_window8
    28 00000000                                 _make_window8:
    29 00000000 55                              	PUSH	EBP
    30 00000001 89 E5                           	MOV	EBP,ESP
    31 00000003 57                              	PUSH	EDI
    32 00000004 56                              	PUSH	ESI
    33 00000005 53                              	PUSH	EBX
    34 00000006 83 EC 14                        	SUB	ESP,20
    35 00000009 8B 5D 0C                        	MOV	EBX,DWORD [12+EBP]
    36 0000000C 6A 00                           	PUSH	0
    37 0000000E 8D 43 FF                        	LEA	EAX,DWORD [-1+EBX]
    38 00000011 8D 7B FE                        	LEA	EDI,DWORD [-2+EBX]
    39 00000014 50                              	PUSH	EAX
    40 00000015 89 45 EC                        	MOV	DWORD [-20+EBP],EAX
    41 00000018 6A 00                           	PUSH	0
    42 0000001A 6A 00                           	PUSH	0
    43 0000001C 6A 08                           	PUSH	8
    44 0000001E 53                              	PUSH	EBX
    45 0000001F FF 75 08                        	PUSH	DWORD [8+EBP]
    46 00000022 E8 [00000000]                   	CALL	_boxfill8
    47 00000027 6A 01                           	PUSH	1
    48 00000029 57                              	PUSH	EDI
    49 0000002A 6A 01                           	PUSH	1
    50 0000002C 6A 01                           	PUSH	1
    51 0000002E 6A 07                           	PUSH	7
    52 00000030 53                              	PUSH	EBX
    53 00000031 FF 75 08                        	PUSH	DWORD [8+EBP]
    54 00000034 E8 [00000000]                   	CALL	_boxfill8
    55 00000039 8B 55 10                        	MOV	EDX,DWORD [16+EBP]
    56 0000003C 83 C4 38                        	ADD	ESP,56
    57 0000003F 4A                              	DEC	EDX
    58 00000040 89 55 E8                        	MOV	DWORD [-24+EBP],EDX
    59 00000043 52                              	PUSH	EDX
    60 00000044 6A 00                           	PUSH	0
    61 00000046 6A 00                           	PUSH	0
    62 00000048 6A 00                           	PUSH	0
    63 0000004A 6A 08                           	PUSH	8
    64 0000004C 53                              	PUSH	EBX
    65 0000004D FF 75 08                        	PUSH	DWORD [8+EBP]
    66 00000050 E8 [00000000]                   	CALL	_boxfill8
    67 00000055 8B 75 10                        	MOV	ESI,DWORD [16+EBP]
    68 00000058 83 EE 02                        	SUB	ESI,2
    69 0000005B 56                              	PUSH	ESI
    70 0000005C 6A 01                           	PUSH	1
    71 0000005E 6A 01                           	PUSH	1
    72 00000060 6A 01                           	PUSH	1
    73 00000062 6A 07                           	PUSH	7
    74 00000064 53                              	PUSH	EBX
    75 00000065 FF 75 08                        	PUSH	DWORD [8+EBP]
    76 00000068 E8 [00000000]                   	CALL	_boxfill8
    77 0000006D 83 C4 38                        	ADD	ESP,56
    78 00000070 56                              	PUSH	ESI
    79 00000071 57                              	PUSH	EDI
    80 00000072 6A 01                           	PUSH	1
    81 00000074 57                              	PUSH	EDI
    82 00000075 6A 0F                           	PUSH	15
    83 00000077 53                              	PUSH	EBX
    84 00000078 FF 75 08                        	PUSH	DWORD [8+EBP]
    85 0000007B E8 [00000000]                   	CALL	_boxfill8
    86 00000080 FF 75 E8                        	PUSH	DWORD [-24+EBP]
    87 00000083 FF 75 EC                        	PUSH	DWORD [-20+EBP]
    88 00000086 6A 00                           	PUSH	0
    89 00000088 FF 75 EC                        	PUSH	DWORD [-20+EBP]
    90 0000008B 6A 00                           	PUSH	0
    91 0000008D 53                              	PUSH	EBX
    92 0000008E FF 75 08                        	PUSH	DWORD [8+EBP]
    93 00000091 E8 [00000000]                   	CALL	_boxfill8
    94 00000096 8B 45 10                        	MOV	EAX,DWORD [16+EBP]
    95 00000099 83 C4 38                        	ADD	ESP,56
    96 0000009C 83 E8 03                        	SUB	EAX,3
    97 0000009F 50                              	PUSH	EAX
    98 000000A0 8D 43 FD                        	LEA	EAX,DWORD [-3+EBX]
    99 000000A3 50                              	PUSH	EAX
   100 000000A4 6A 02                           	PUSH	2
   101 000000A6 6A 02                           	PUSH	2
   102 000000A8 6A 08                           	PUSH	8
   103 000000AA 53                              	PUSH	EBX
   104 000000AB FF 75 08                        	PUSH	DWORD [8+EBP]
   105 000000AE E8 [00000000]                   	CALL	_boxfill8
   106 000000B3 8D 43 FC                        	LEA	EAX,DWORD [-4+EBX]
   107 000000B6 6A 14                           	PUSH	20
   108 000000B8 50                              	PUSH	EAX
   109 000000B9 6A 03                           	PUSH	3
   110 000000BB 6A 03                           	PUSH	3
   111 000000BD 6A 0C                           	PUSH	12
   112 000000BF 53                              	PUSH	EBX
   113 000000C0 FF 75 08                        	PUSH	DWORD [8+EBP]
   114 000000C3 E8 [00000000]                   	CALL	_boxfill8
   115 000000C8 83 C4 38                        	ADD	ESP,56
   116 000000CB 56                              	PUSH	ESI
   117 000000CC 57                              	PUSH	EDI
   118 000000CD 56                              	PUSH	ESI
   119 000000CE 6A 01                           	PUSH	1
   120 000000D0 6A 0F                           	PUSH	15
   121 000000D2 53                              	PUSH	EBX
   122 000000D3 FF 75 08                        	PUSH	DWORD [8+EBP]
   123 000000D6 E8 [00000000]                   	CALL	_boxfill8
   124 000000DB FF 75 E8                        	PUSH	DWORD [-24+EBP]
   125 000000DE FF 75 EC                        	PUSH	DWORD [-20+EBP]
   126 000000E1 FF 75 E8                        	PUSH	DWORD [-24+EBP]
   127 000000E4 6A 00                           	PUSH	0
   128 000000E6 6A 00                           	PUSH	0
   129 000000E8 6B F3 05                        	IMUL	ESI,EBX,5
   130 000000EB 53                              	PUSH	EBX
   131 000000EC FF 75 08                        	PUSH	DWORD [8+EBP]
   132 000000EF E8 [00000000]                   	CALL	_boxfill8
   133 000000F4 83 C4 38                        	ADD	ESP,56
   134 000000F7 FF 75 14                        	PUSH	DWORD [20+EBP]
   135 000000FA 6A 07                           	PUSH	7
   136 000000FC 6A 04                           	PUSH	4
   137 000000FE 6A 18                           	PUSH	24
   138 00000100 53                              	PUSH	EBX
   139 00000101 FF 75 08                        	PUSH	DWORD [8+EBP]
   140 00000104 E8 [00000000]                   	CALL	_putfonts8_asc
   141 00000109 83 C4 18                        	ADD	ESP,24
   142 0000010C C7 45 F0 00000000               	MOV	DWORD [-16+EBP],0
   143 00000113 C7 45 E0 00000000               	MOV	DWORD [-32+EBP],0
   144 0000011A                                 L17:
   145 0000011A 8D 04 1E                        	LEA	EAX,DWORD [ESI+EBX*1]
   146 0000011D 8B 55 08                        	MOV	EDX,DWORD [8+EBP]
   147 00000120 31 FF                           	XOR	EDI,EDI
   148 00000122 8D 4C 02 EB                     	LEA	ECX,DWORD [-21+EDX+EAX*1]
   149 00000126                                 L16:
   150 00000126 8B 45 E0                        	MOV	EAX,DWORD [-32+EBP]
   151 00000129 8A 94 07 [00000000]             	MOV	DL,BYTE [_closebtn.0+EDI+EAX*1]
   152 00000130 80 FA 40                        	CMP	DL,64
   153 00000133 74 33                           	JE	L22
   154 00000135 80 FA 24                        	CMP	DL,36
   155 00000138 74 2A                           	JE	L23
   156 0000013A 80 FA 51                        	CMP	DL,81
   157 0000013D B2 08                           	MOV	DL,8
   158 0000013F 0F 95 C0                        	SETNE	AL
   159 00000142 28 C2                           	SUB	DL,AL
   160 00000144                                 L11:
   161 00000144 47                              	INC	EDI
   162 00000145 88 11                           	MOV	BYTE [ECX],DL
   163 00000147 41                              	INC	ECX
   164 00000148 83 FF 0F                        	CMP	EDI,15
   165 0000014B 7E D9                           	JLE	L16
   166 0000014D FF 45 F0                        	INC	DWORD [-16+EBP]
   167 00000150 01 DE                           	ADD	ESI,EBX
   168 00000152 83 45 E0 10                     	ADD	DWORD [-32+EBP],16
   169 00000156 83 7D F0 0D                     	CMP	DWORD [-16+EBP],13
   170 0000015A 7E BE                           	JLE	L17
   171 0000015C 8D 65 F4                        	LEA	ESP,DWORD [-12+EBP]
   172 0000015F 5B                              	POP	EBX
   173 00000160 5E                              	POP	ESI
   174 00000161 5F                              	POP	EDI
   175 00000162 5D                              	POP	EBP
   176 00000163 C3                              	RET
   177 00000164                                 L23:
   178 00000164 B2 0F                           	MOV	DL,15
   179 00000166 EB DC                           	JMP	L11
   180 00000168                                 L22:
   181 00000168 31 D2                           	XOR	EDX,EDX
   182 0000016A EB D8                           	JMP	L11
   183 0000016C                                 	GLOBAL	_make_textbox8
   184 0000016C                                 _make_textbox8:
   185 0000016C 55                              	PUSH	EBP
   186 0000016D 89 E5                           	MOV	EBP,ESP
   187 0000016F 57                              	PUSH	EDI
   188 00000170 56                              	PUSH	ESI
   189 00000171 53                              	PUSH	EBX
   190 00000172 83 EC 14                        	SUB	ESP,20
   191 00000175 8B 45 0C                        	MOV	EAX,DWORD [12+EBP]
   192 00000178 8B 75 10                        	MOV	ESI,DWORD [16+EBP]
   193 0000017B 03 45 14                        	ADD	EAX,DWORD [20+EBP]
   194 0000017E 83 EE 03                        	SUB	ESI,3
   195 00000181 56                              	PUSH	ESI
   196 00000182 89 45 F0                        	MOV	DWORD [-16+EBP],EAX
   197 00000185 8B 45 10                        	MOV	EAX,DWORD [16+EBP]
   198 00000188 03 45 18                        	ADD	EAX,DWORD [24+EBP]
   199 0000018B 89 45 EC                        	MOV	DWORD [-20+EBP],EAX
   200 0000018E 8B 45 F0                        	MOV	EAX,DWORD [-16+EBP]
   201 00000191 40                              	INC	EAX
   202 00000192 50                              	PUSH	EAX
   203 00000193 89 45 E8                        	MOV	DWORD [-24+EBP],EAX
   204 00000196 8B 45 0C                        	MOV	EAX,DWORD [12+EBP]
   205 00000199 56                              	PUSH	ESI
   206 0000019A 83 E8 02                        	SUB	EAX,2
   207 0000019D 50                              	PUSH	EAX
   208 0000019E 89 45 E4                        	MOV	DWORD [-28+EBP],EAX
   209 000001A1 8B 45 08                        	MOV	EAX,DWORD [8+EBP]
   210 000001A4 6A 0F                           	PUSH	15
   211 000001A6 FF 70 04                        	PUSH	DWORD [4+EAX]
   212 000001A9 FF 30                           	PUSH	DWORD [EAX]
   213 000001AB E8 [00000000]                   	CALL	_boxfill8
   214 000001B0 8B 7D 0C                        	MOV	EDI,DWORD [12+EBP]
   215 000001B3 8B 45 EC                        	MOV	EAX,DWORD [-20+EBP]
   216 000001B6 83 EF 03                        	SUB	EDI,3
   217 000001B9 40                              	INC	EAX
   218 000001BA 50                              	PUSH	EAX
   219 000001BB 89 45 E0                        	MOV	DWORD [-32+EBP],EAX
   220 000001BE 57                              	PUSH	EDI
   221 000001BF 8B 45 08                        	MOV	EAX,DWORD [8+EBP]
   222 000001C2 56                              	PUSH	ESI
   223 000001C3 57                              	PUSH	EDI
   224 000001C4 6A 0F                           	PUSH	15
   225 000001C6 FF 70 04                        	PUSH	DWORD [4+EAX]
   226 000001C9 FF 30                           	PUSH	DWORD [EAX]
   227 000001CB E8 [00000000]                   	CALL	_boxfill8
   228 000001D0 8B 45 08                        	MOV	EAX,DWORD [8+EBP]
   229 000001D3 83 C4 38                        	ADD	ESP,56
   230 000001D6 8B 5D EC                        	MOV	EBX,DWORD [-20+EBP]
   231 000001D9 83 C3 02                        	ADD	EBX,2
   232 000001DC 53                              	PUSH	EBX
   233 000001DD FF 75 E8                        	PUSH	DWORD [-24+EBP]
   234 000001E0 53                              	PUSH	EBX
   235 000001E1 57                              	PUSH	EDI
   236 000001E2 6A 07                           	PUSH	7
   237 000001E4 FF 70 04                        	PUSH	DWORD [4+EAX]
   238 000001E7 FF 30                           	PUSH	DWORD [EAX]
   239 000001E9 E8 [00000000]                   	CALL	_boxfill8
   240 000001EE 8B 45 F0                        	MOV	EAX,DWORD [-16+EBP]
   241 000001F1 53                              	PUSH	EBX
   242 000001F2 83 C0 02                        	ADD	EAX,2
   243 000001F5 50                              	PUSH	EAX
   244 000001F6 56                              	PUSH	ESI
   245 000001F7 50                              	PUSH	EAX
   246 000001F8 8B 45 08                        	MOV	EAX,DWORD [8+EBP]
   247 000001FB 6A 07                           	PUSH	7
   248 000001FD FF 70 04                        	PUSH	DWORD [4+EAX]
   249 00000200 FF 30                           	PUSH	DWORD [EAX]
   250 00000202 E8 [00000000]                   	CALL	_boxfill8
   251 00000207 8B 45 08                        	MOV	EAX,DWORD [8+EBP]
   252 0000020A 83 C4 38                        	ADD	ESP,56
   253 0000020D 8B 5D 10                        	MOV	EBX,DWORD [16+EBP]
   254 00000210 83 EB 02                        	SUB	EBX,2
   255 00000213 8B 7D 0C                        	MOV	EDI,DWORD [12+EBP]
   256 00000216 53                              	PUSH	EBX
   257 00000217 4F                              	DEC	EDI
   258 00000218 FF 75 F0                        	PUSH	DWORD [-16+EBP]
   259 0000021B 53                              	PUSH	EBX
   260 0000021C 57                              	PUSH	EDI
   261 0000021D 6A 00                           	PUSH	0
   262 0000021F FF 70 04                        	PUSH	DWORD [4+EAX]
   263 00000222 FF 30                           	PUSH	DWORD [EAX]
   264 00000224 E8 [00000000]                   	CALL	_boxfill8
   265 00000229 8B 45 08                        	MOV	EAX,DWORD [8+EBP]
   266 0000022C FF 75 EC                        	PUSH	DWORD [-20+EBP]
   267 0000022F FF 75 E4                        	PUSH	DWORD [-28+EBP]
   268 00000232 53                              	PUSH	EBX
   269 00000233 FF 75 E4                        	PUSH	DWORD [-28+EBP]
   270 00000236 6A 00                           	PUSH	0
   271 00000238 FF 70 04                        	PUSH	DWORD [4+EAX]
   272 0000023B FF 30                           	PUSH	DWORD [EAX]
   273 0000023D E8 [00000000]                   	CALL	_boxfill8
   274 00000242 8B 45 08                        	MOV	EAX,DWORD [8+EBP]
   275 00000245 83 C4 38                        	ADD	ESP,56
   276 00000248 FF 75 E0                        	PUSH	DWORD [-32+EBP]
   277 0000024B FF 75 F0                        	PUSH	DWORD [-16+EBP]
   278 0000024E FF 75 E0                        	PUSH	DWORD [-32+EBP]
   279 00000251 FF 75 E4                        	PUSH	DWORD [-28+EBP]
   280 00000254 6A 08                           	PUSH	8
   281 00000256 FF 70 04                        	PUSH	DWORD [4+EAX]
   282 00000259 FF 30                           	PUSH	DWORD [EAX]
   283 0000025B E8 [00000000]                   	CALL	_boxfill8
   284 00000260 8B 45 08                        	MOV	EAX,DWORD [8+EBP]
   285 00000263 FF 75 E0                        	PUSH	DWORD [-32+EBP]
   286 00000266 FF 75 E8                        	PUSH	DWORD [-24+EBP]
   287 00000269 53                              	PUSH	EBX
   288 0000026A FF 75 E8                        	PUSH	DWORD [-24+EBP]
   289 0000026D 6A 08                           	PUSH	8
   290 0000026F FF 70 04                        	PUSH	DWORD [4+EAX]
   291 00000272 FF 30                           	PUSH	DWORD [EAX]
   292 00000274 E8 [00000000]                   	CALL	_boxfill8
   293 00000279 8B 45 10                        	MOV	EAX,DWORD [16+EBP]
   294 0000027C 83 C4 38                        	ADD	ESP,56
   295 0000027F 48                              	DEC	EAX
   296 00000280 FF 75 EC                        	PUSH	DWORD [-20+EBP]
   297 00000283 FF 75 F0                        	PUSH	DWORD [-16+EBP]
   298 00000286 50                              	PUSH	EAX
   299 00000287 57                              	PUSH	EDI
   300 00000288 0F B6 45 1C                     	MOVZX	EAX,BYTE [28+EBP]
   301 0000028C 50                              	PUSH	EAX
   302 0000028D 8B 45 08                        	MOV	EAX,DWORD [8+EBP]
   303 00000290 FF 70 04                        	PUSH	DWORD [4+EAX]
   304 00000293 FF 30                           	PUSH	DWORD [EAX]
   305 00000295 E8 [00000000]                   	CALL	_boxfill8
   306 0000029A 8D 65 F4                        	LEA	ESP,DWORD [-12+EBP]
   307 0000029D 5B                              	POP	EBX
   308 0000029E 5E                              	POP	ESI
   309 0000029F 5F                              	POP	EDI
   310 000002A0 5D                              	POP	EBP
   311 000002A1 C3                              	RET
