     1 00000000                                 ; hello-os
     2 00000000                                 ; TAB=4
     3  = 0000000A                              CYLS    EQU     10
     4                                                  ORG     0x7c00          ; 指明程序的装载地址
     5 00007C00                                 
     6 00007C00                                 ; 以下的记述用于标准FAT12的软盘
     7 00007C00                                 
     8 00007C00 EB 4E                                   JMP     entry
     9 00007C02 90                                      DB      0x90
    10 00007C03 48 41 52 49 42 4F 54 45                 DB      "HARIBOTE"      ; 启动区的名称可以是任意的字符串
    11 00007C0B 0200                                    DW      512             ; 每个扇区（sector）的大小（必须为512字节）
    12 00007C0D 01                                      DB      1               ; 簇的大小（必须为1个扇区）
    13 00007C0E 0001                                    DW      1               ; FAT的起始位置（一般从第一个扇区开始）
    14 00007C10 02                                      DB      2               ; FAT的个数（必须为2）
    15 00007C11 00E0                                    DW      224             ; 根目录的大小（一般设成224项）
    16 00007C13 0B40                                    DW      2880            ; 该磁盘的大小（必须是2880扇区）
    17 00007C15 F0                                      DB      0xf0            ; 磁盘的种类（必须是0xf0）
    18 00007C16 0009                                    DW      9               ; FAT的长度（必须是9扇区）
    19 00007C18 0012                                    DW      18              ; 1个磁道（track）有几个扇区（必须是18）
    20 00007C1A 0002                                    DW      2               ; 磁头数（必须是2）
    21 00007C1C 00000000                                DD      0               ; 不使用分区（必须是0）
    22 00007C20 00000B40                                DD      2880            ; 重写一次磁盘大小
    23 00007C24 00 00 29                                DB      0,0,0x29        ; 意义不明，固定
    24 00007C27 FFFFFFFF                                DD      0xffffffff      ; （可能是）卷标号码
    25 00007C2B 48 41 52 49 42 4F 54 45 4F 53           DB      "HARIBOTEOS "   ; 磁盘的名称（11字节）
       00007C35 20 
    26 00007C36 46 41 54 31 32 20 20 20                 DB      "FAT12   "      ; 磁盘格式名称（8字节）
    27 00007C3E 00 00 00 00 00 00 00 00 00 00           RESB    18              ; 先空出18字节
       00007C48 00 00 00 00 00 00 00 00 
    28 00007C50                                 
    29 00007C50                                 ; 程序主体
    30 00007C50                                 
    31 00007C50                                 entry:
    32 00007C50 B8 0000                                 MOV     AX,0            ; 初始化寄存器
    33 00007C53 8E D0                                   MOV     SS,AX
    34 00007C55 BC 7C00                                 MOV     SP,0x7c00
    35 00007C58 8E D8                                   MOV     DS,AX
    36 00007C5A                                 
    37 00007C5A                                 ; 读盘
    38 00007C5A                                 
    39 00007C5A B8 0820                                 MOV     AX, 0x0820
    40 00007C5D 8E C0                                   MOV     ES, AX
    41 00007C5F B5 00                                   MOV     CH, 0           ; 柱面0
    42 00007C61 B6 00                                   MOV     DH, 0           ; 磁头0
    43 00007C63 B1 02                                   MOV     CL, 2           ; 扇区2
    44 00007C65                                 readloop:
    45 00007C65 BE 0000                                 MOV     SI, 0           ; 记录失败次数的寄存器
    46 00007C68                                 
    47 00007C68                                 retry:
    48 00007C68 B4 02                                   MOV     AH, 0x02        ; AH=0x02: 读盘
    49 00007C6A B0 01                                   MOV     AL, 1           ; 一个扇区
    50 00007C6C BB 0000                                 MOV     BX, 0
    51 00007C6F B2 00                                   MOV     DL, 0x00        ; 驱动器
    52 00007C71 CD 13                                   INT     0x13            ; 调用磁盘BIOS
    53 00007C73                                         ; JNC     fin             ; 没出错的话跳转到fin
    54 00007C73 73 10                                   JNC     next             ; 没出错的话跳转到next
    55 00007C75 83 C6 01                                ADD     SI, 1           ; 往SI加1
    56 00007C78 83 FE 05                                CMP     SI, 5           ; 比较SI与5
    57 00007C7B 73 32                                   JAE     error           ; SI大于等于5时， 跳转到error
    58 00007C7D B4 00                                   MOV     AH, 0x00
    59 00007C7F B6 00                                   MOV     DH, 0x00        ; A驱动器
    60 00007C81 CD 13                                   INT     0x13            ; 重置驱动器
    61 00007C83 EB E3                                   JMP     retry
    62 00007C85                                         ; JC      error
    63 00007C85                                 
    64 00007C85                                 next:
    65 00007C85 8C C0                                   MOV     AX, ES          ; 把内存地址向后移0x200
    66 00007C87 05 0020                                 ADD     AX, 0x0020
    67 00007C8A 8E C0                                   MOV     ES, AX          ; 因为没有ADD ES, 0x020指令，所以这里稍微绕个弯
    68 00007C8C 80 C1 01                                ADD     CL, 1           ; 往CL里加1
    69 00007C8F 80 F9 12                                CMP     CL, 18          ; 比较CL与18
    70 00007C92 76 D1                                   JBE     readloop        ; 如果CL <= 18 跳转至readloop
    71 00007C94 B1 01                                   MOV     CL, 1
    72 00007C96 80 C6 01                                ADD     DH, 1
    73 00007C99 80 FE 02                                CMP     DH, 2
    74 00007C9C 72 C7                                   JB      readloop
    75 00007C9E B6 00                                   MOV     DH, 0
    76 00007CA0 80 C5 01                                ADD     CH, 1
    77 00007CA3 80 FD 0A                                CMP     CH, CYLS
    78 00007CA6 72 BD                                   JB      readloop
    79 00007CA8                                 
    80 00007CA8 88 2E 0FF0                              MOV     [0x0FF0], CH
    81 00007CAC E9 4551                                 JMP     0xC200
    82 00007CAF                                 
    83 00007CAF                                 
    84 00007CAF                                 error:
    85 00007CAF BE 7CC7                                 MOV     SI,msg
    86 00007CB2                                 
    87 00007CB2                                 putloop:
    88 00007CB2 8A 04                                   MOV     AL,[SI]
    89 00007CB4 83 C6 01                                ADD     SI,1            ; SI+1
    90 00007CB7 3C 00                                   CMP     AL,0
    91 00007CB9 74 09                                   JE      fin
    92 00007CBB B4 0E                                   MOV     AH,0x0e         ; 显示一个文字
    93 00007CBD BB 000F                                 MOV     BX, 15          ; 指定字符颜色
    94 00007CC0 CD 10                                   INT     0x10            ; 调用显卡BIOS
    95 00007CC2 EB EE                                   JMP     putloop
    96 00007CC4                                 
    97 00007CC4                                 fin:
    98 00007CC4 F4                                      HLT                     ; 让CPU停止，等待指令
    99 00007CC5 EB FD                                   JMP     fin             ; 无限循环
   100 00007CC7                                 
   101 00007CC7                                 msg:
   102 00007CC7 0A 0A                                   DB      0x0a, 0x0a      ; 换行两次
   103 00007CC9 6C 6F 61 64 20 65 72 72 6F 72           DB      "load error"
   104 00007CD3 0A                                      DB      0x0a            ; 换行
   105 00007CD4 00                                      DB      0
   106 00007CD5                                 
   107 00007CD5 00 00 00 00 00 00 00 00 00 00           RESB    0x7dfe-$        ; 填写0x00，直到0x7dfe
       00007CDF 00 00 00 00 00 00 00 00 00 00 
       00007CE9 00 00 00 00 00 00 00 00 00 00 
       00007CF3 00 00 00 00 00 00 00 00 00 00 
       00007CFD 00 00 00 00 00 00 00 00 00 00 
       00007D07 00 00 00 00 00 00 00 00 00 00 
       00007D11 00 00 00 00 00 00 00 00 00 00 
       00007D1B 00 00 00 00 00 00 00 00 00 00 
       00007D25 00 00 00 00 00 00 00 00 00 00 
       00007D2F 00 00 00 00 00 00 00 00 00 00 
       00007D39 00 00 00 00 00 00 00 00 00 00 
       00007D43 00 00 00 00 00 00 00 00 00 00 
       00007D4D 00 00 00 00 00 00 00 00 00 00 
       00007D57 00 00 00 00 00 00 00 00 00 00 
       00007D61 00 00 00 00 00 00 00 00 00 00 
       00007D6B 00 00 00 00 00 00 00 00 00 00 
       00007D75 00 00 00 00 00 00 00 00 00 00 
       00007D7F 00 00 00 00 00 00 00 00 00 00 
       00007D89 00 00 00 00 00 00 00 00 00 00 
       00007D93 00 00 00 00 00 00 00 00 00 00 
       00007D9D 00 00 00 00 00 00 00 00 00 00 
       00007DA7 00 00 00 00 00 00 00 00 00 00 
       00007DB1 00 00 00 00 00 00 00 00 00 00 
       00007DBB 00 00 00 00 00 00 00 00 00 00 
       00007DC5 00 00 00 00 00 00 00 00 00 00 
       00007DCF 00 00 00 00 00 00 00 00 00 00 
       00007DD9 00 00 00 00 00 00 00 00 00 00 
       00007DE3 00 00 00 00 00 00 00 00 00 00 
       00007DED 00 00 00 00 00 00 00 00 00 00 
       00007DF7 00 00 00 00 00 00 00 
   108 00007DFE                                 
   109 00007DFE 55 AA                                   DB      0x55, 0xaa